#! /usr/local/bin/vvp
:ivl_version "10.2 (stable)" "(v10_2)";
:ivl_delay_selection "TYPICAL";
:vpi_time_precision + 0;
:vpi_module "system";
:vpi_module "vhdl_sys";
:vpi_module "v2005_math";
:vpi_module "va_math";
S_0x1386670 .scope module, "test" "test" 2 20;
 .timescale 0 0;
v0x139abb0_0 .var "clk", 0 0;
v0x139ac70_0 .net "randnum", 15 0, v0x139a770_0;  1 drivers
v0x139ad40_0 .var "rst", 0 0;
v0x139ae40_0 .var "seed", 15 0;
S_0x13867f0 .scope module, "genrand" "genrand" 2 24, 2 1 0, S_0x1386670;
 .timescale 0 0;
    .port_info 0 /INPUT 1 "clk"
    .port_info 1 /INPUT 1 "rst"
    .port_info 2 /INPUT 16 "seed"
    .port_info 3 /OUTPUT 16 "randnum"
v0x1388f50_0 .net "clk", 0 0, v0x139abb0_0;  1 drivers
v0x139a770_0 .var "randnum", 15 0;
v0x139a850_0 .net "rst", 0 0, v0x139ad40_0;  1 drivers
v0x139a920_0 .net "seed", 15 0, v0x139ae40_0;  1 drivers
v0x139aa00_0 .var "xx", 15 0;
E_0x1389580 .event posedge, v0x1388f50_0;
    .scope S_0x13867f0;
T_0 ;
    %wait E_0x1389580;
    %load/vec4 v0x139a850_0;
    %flag_set/vec4 8;
    %jmp/0xz  T_0.0, 8;
    %load/vec4 v0x139a920_0;
    %store/vec4 v0x139a770_0, 0, 16;
T_0.0 ;
    %load/vec4 v0x139a770_0;
    %store/vec4 v0x139aa00_0, 0, 16;
    %load/vec4 v0x139aa00_0;
    %load/vec4 v0x139aa00_0;
    %ix/load 4, 3, 0;
    %flag_set/imm 4, 0;
    %shiftl 4;
    %xor;
    %store/vec4 v0x139aa00_0, 0, 16;
    %load/vec4 v0x139aa00_0;
    %load/vec4 v0x139aa00_0;
    %ix/load 4, 11, 0;
    %flag_set/imm 4, 0;
    %shiftr 4;
    %xor;
    %store/vec4 v0x139aa00_0, 0, 16;
    %load/vec4 v0x139aa00_0;
    %load/vec4 v0x139aa00_0;
    %ix/load 4, 7, 0;
    %flag_set/imm 4, 0;
    %shiftl 4;
    %xor;
    %store/vec4 v0x139aa00_0, 0, 16;
    %load/vec4 v0x139aa00_0;
    %store/vec4 v0x139a770_0, 0, 16;
    %jmp T_0;
    .thread T_0;
    .scope S_0x1386670;
T_1 ;
    %delay 5, 0;
    %load/vec4 v0x139abb0_0;
    %inv;
    %store/vec4 v0x139abb0_0, 0, 1;
    %jmp T_1;
    .thread T_1;
    .scope S_0x1386670;
T_2 ;
    %vpi_call 2 27 "$dumpfile", "genrand.vcd" {0 0 0};
    %vpi_call 2 28 "$dumpvars", 32'sb00000000000000000000000000000000, S_0x1386670 {0 0 0};
    %pushi/vec4 1, 0, 1;
    %store/vec4 v0x139ad40_0, 0, 1;
    %pushi/vec4 0, 0, 1;
    %store/vec4 v0x139abb0_0, 0, 1;
    %pushi/vec4 4, 0, 16;
    %store/vec4 v0x139ae40_0, 0, 16;
    %delay 20, 0;
    %pushi/vec4 0, 0, 1;
    %store/vec4 v0x139ad40_0, 0, 1;
    %delay 500, 0;
    %vpi_call 2 35 "$finish" {0 0 0};
    %end;
    .thread T_2;
# The file index is used to find the file name in the following table.
:file_names 3;
    "N/A";
    "<interactive>";
    "genrand.v";
